CRITICAL - 2023-01-10 00:23:43 --> syntax error, unexpected '<', expecting end of file
#0 C:\xampp\htdocs\kelsey\system\View\View.php(213): CodeIgniter\View\View->CodeIgniter\View\{closure}()
#1 C:\xampp\htdocs\kelsey\system\Common.php(1089): CodeIgniter\View\View->render('karyawan', Array, true)
#2 C:\xampp\htdocs\kelsey\app\Controllers\Home.php(77): view('karyawan', Array)
#3 C:\xampp\htdocs\kelsey\system\CodeIgniter.php(832): App\Controllers\Home->karyawan()
#4 C:\xampp\htdocs\kelsey\system\CodeIgniter.php(419): CodeIgniter\CodeIgniter->runController(Object(App\Controllers\Home))
#5 C:\xampp\htdocs\kelsey\system\CodeIgniter.php(326): CodeIgniter\CodeIgniter->handleRequest(NULL, Object(Config\Cache), false)
#6 C:\xampp\htdocs\kelsey\public\index.php(37): CodeIgniter\CodeIgniter->run()
#7 C:\xampp\htdocs\kelsey\system\Commands\Server\rewrite.php(43): require_once('C:\\xampp\\htdocs...')
#8 {main}
CRITICAL - 2023-01-10 00:23:51 --> syntax error, unexpected '<', expecting end of file
#0 C:\xampp\htdocs\kelsey\system\View\View.php(213): CodeIgniter\View\View->CodeIgniter\View\{closure}()
#1 C:\xampp\htdocs\kelsey\system\Common.php(1089): CodeIgniter\View\View->render('karyawan', Array, true)
#2 C:\xampp\htdocs\kelsey\app\Controllers\Home.php(77): view('karyawan', Array)
#3 C:\xampp\htdocs\kelsey\system\CodeIgniter.php(832): App\Controllers\Home->karyawan()
#4 C:\xampp\htdocs\kelsey\system\CodeIgniter.php(419): CodeIgniter\CodeIgniter->runController(Object(App\Controllers\Home))
#5 C:\xampp\htdocs\kelsey\system\CodeIgniter.php(326): CodeIgniter\CodeIgniter->handleRequest(NULL, Object(Config\Cache), false)
#6 C:\xampp\htdocs\kelsey\public\index.php(37): CodeIgniter\CodeIgniter->run()
#7 C:\xampp\htdocs\kelsey\system\Commands\Server\rewrite.php(43): require_once('C:\\xampp\\htdocs...')
#8 {main}
