CRITICAL - 2023-01-09 19:54:23 --> Invalid argument supplied for foreach()
#0 C:\xampp\htdocs\kelsey\app\Views\barang.php(21): CodeIgniter\Debug\Exceptions->errorHandler(2, 'Invalid argumen...', 'C:\\xampp\\htdocs...', 21, Array)
#1 C:\xampp\htdocs\kelsey\system\View\View.php(210): include('C:\\xampp\\htdocs...')
#2 C:\xampp\htdocs\kelsey\system\View\View.php(213): CodeIgniter\View\View->CodeIgniter\View\{closure}()
#3 C:\xampp\htdocs\kelsey\system\Common.php(1089): CodeIgniter\View\View->render('barang', Array, true)
#4 C:\xampp\htdocs\kelsey\app\Controllers\Home.php(356): view('barang', Array)
#5 C:\xampp\htdocs\kelsey\system\CodeIgniter.php(832): App\Controllers\Home->barang()
#6 C:\xampp\htdocs\kelsey\system\CodeIgniter.php(419): CodeIgniter\CodeIgniter->runController(Object(App\Controllers\Home))
#7 C:\xampp\htdocs\kelsey\system\CodeIgniter.php(326): CodeIgniter\CodeIgniter->handleRequest(NULL, Object(Config\Cache), false)
#8 C:\xampp\htdocs\kelsey\public\index.php(37): CodeIgniter\CodeIgniter->run()
#9 C:\xampp\htdocs\kelsey\system\Commands\Server\rewrite.php(43): require_once('C:\\xampp\\htdocs...')
#10 {main}
CRITICAL - 2023-01-09 21:41:10 --> Use of undefined constant zz - assumed 'zz' (this will throw an Error in a future version of PHP)
#0 C:\xampp\htdocs\kelsey\app\Views\filter.php(15): CodeIgniter\Debug\Exceptions->errorHandler(2, 'Use of undefine...', 'C:\\xampp\\htdocs...', 15, Array)
#1 C:\xampp\htdocs\kelsey\system\View\View.php(210): include('C:\\xampp\\htdocs...')
#2 C:\xampp\htdocs\kelsey\system\View\View.php(213): CodeIgniter\View\View->CodeIgniter\View\{closure}()
#3 C:\xampp\htdocs\kelsey\system\Common.php(1089): CodeIgniter\View\View->render('filter', Array, true)
#4 C:\xampp\htdocs\kelsey\app\Controllers\Home.php(623): view('filter', Array)
#5 C:\xampp\htdocs\kelsey\system\CodeIgniter.php(832): App\Controllers\Home->l_brg()
#6 C:\xampp\htdocs\kelsey\system\CodeIgniter.php(419): CodeIgniter\CodeIgniter->runController(Object(App\Controllers\Home))
#7 C:\xampp\htdocs\kelsey\system\CodeIgniter.php(326): CodeIgniter\CodeIgniter->handleRequest(NULL, Object(Config\Cache), false)
#8 C:\xampp\htdocs\kelsey\public\index.php(37): CodeIgniter\CodeIgniter->run()
#9 C:\xampp\htdocs\kelsey\system\Commands\Server\rewrite.php(43): require_once('C:\\xampp\\htdocs...')
#10 {main}
CRITICAL - 2023-01-09 21:41:19 --> Use of undefined constant abs - assumed 'abs' (this will throw an Error in a future version of PHP)
#0 C:\xampp\htdocs\kelsey\app\Views\filter.php(15): CodeIgniter\Debug\Exceptions->errorHandler(2, 'Use of undefine...', 'C:\\xampp\\htdocs...', 15, Array)
#1 C:\xampp\htdocs\kelsey\system\View\View.php(210): include('C:\\xampp\\htdocs...')
#2 C:\xampp\htdocs\kelsey\system\View\View.php(213): CodeIgniter\View\View->CodeIgniter\View\{closure}()
#3 C:\xampp\htdocs\kelsey\system\Common.php(1089): CodeIgniter\View\View->render('filter', Array, true)
#4 C:\xampp\htdocs\kelsey\app\Controllers\Home.php(623): view('filter', Array)
#5 C:\xampp\htdocs\kelsey\system\CodeIgniter.php(832): App\Controllers\Home->l_brg()
#6 C:\xampp\htdocs\kelsey\system\CodeIgniter.php(419): CodeIgniter\CodeIgniter->runController(Object(App\Controllers\Home))
#7 C:\xampp\htdocs\kelsey\system\CodeIgniter.php(326): CodeIgniter\CodeIgniter->handleRequest(NULL, Object(Config\Cache), false)
#8 C:\xampp\htdocs\kelsey\public\index.php(37): CodeIgniter\CodeIgniter->run()
#9 C:\xampp\htdocs\kelsey\system\Commands\Server\rewrite.php(43): require_once('C:\\xampp\\htdocs...')
#10 {main}
CRITICAL - 2023-01-09 21:41:27 --> syntax error, unexpected 'else' (T_ELSE), expecting end of file
#0 C:\xampp\htdocs\kelsey\system\View\View.php(213): CodeIgniter\View\View->CodeIgniter\View\{closure}()
#1 C:\xampp\htdocs\kelsey\system\Common.php(1089): CodeIgniter\View\View->render('filter', Array, true)
#2 C:\xampp\htdocs\kelsey\app\Controllers\Home.php(623): view('filter', Array)
#3 C:\xampp\htdocs\kelsey\system\CodeIgniter.php(832): App\Controllers\Home->l_brg()
#4 C:\xampp\htdocs\kelsey\system\CodeIgniter.php(419): CodeIgniter\CodeIgniter->runController(Object(App\Controllers\Home))
#5 C:\xampp\htdocs\kelsey\system\CodeIgniter.php(326): CodeIgniter\CodeIgniter->handleRequest(NULL, Object(Config\Cache), false)
#6 C:\xampp\htdocs\kelsey\public\index.php(37): CodeIgniter\CodeIgniter->run()
#7 C:\xampp\htdocs\kelsey\system\Commands\Server\rewrite.php(43): require_once('C:\\xampp\\htdocs...')
#8 {main}
